C:\Users\LinhLPV\Source\Workspaces\ESHOP\EShop\FrontEnd\dist\out-tsc\src\app\Module\IEntity.Entity.js
C:\Users\LinhLPV\Source\Workspaces\ESHOP\EShop\FrontEnd\dist\out-tsc\src\app\Module\IEntity.Entity.js.map
C:\Users\LinhLPV\Source\Workspaces\ESHOP\EShop\FrontEnd\dist\out-tsc\src\app\Module\MCoupon\Coupon.Entity.js
C:\Users\LinhLPV\Source\Workspaces\ESHOP\EShop\FrontEnd\dist\out-tsc\src\app\Module\MCoupon\Coupon.Entity.js.map
C:\Users\LinhLPV\Source\Workspaces\ESHOP\EShop\FrontEnd\dist\out-tsc\src\app\Module\FilterEntity.js
C:\Users\LinhLPV\Source\Workspaces\ESHOP\EShop\FrontEnd\dist\out-tsc\src\app\Module\FilterEntity.js.map
C:\Users\LinhLPV\Source\Workspaces\ESHOP\EShop\FrontEnd\dist\out-tsc\src\app\Module\MCoupon\Coupon.SearchEntity.js
C:\Users\LinhLPV\Source\Workspaces\ESHOP\EShop\FrontEnd\dist\out-tsc\src\app\Module\MCoupon\Coupon.SearchEntity.js.map
C:\Users\LinhLPV\Source\Workspaces\ESHOP\EShop\FrontEnd\dist\out-tsc\src\app\Shared\HttpService.js
C:\Users\LinhLPV\Source\Workspaces\ESHOP\EShop\FrontEnd\dist\out-tsc\src\app\Shared\HttpService.js.map
C:\Users\LinhLPV\Source\Workspaces\ESHOP\EShop\FrontEnd\dist\out-tsc\src\app\Module\MCoupon\Coupon.Service.js
C:\Users\LinhLPV\Source\Workspaces\ESHOP\EShop\FrontEnd\dist\out-tsc\src\app\Module\MCoupon\Coupon.Service.js.map
C:\Users\LinhLPV\Source\Workspaces\ESHOP\EShop\FrontEnd\dist\out-tsc\src\app\Shared\CustomToaster.js
C:\Users\LinhLPV\Source\Workspaces\ESHOP\EShop\FrontEnd\dist\out-tsc\src\app\Shared\CustomToaster.js.map
C:\Users\LinhLPV\Source\Workspaces\ESHOP\EShop\FrontEnd\dist\out-tsc\src\app\Module\MEmployee\Employee.Entity.js
C:\Users\LinhLPV\Source\Workspaces\ESHOP\EShop\FrontEnd\dist\out-tsc\src\app\Module\MEmployee\Employee.Entity.js.map
C:\Users\LinhLPV\Source\Workspaces\ESHOP\EShop\FrontEnd\dist\out-tsc\src\app\Shared\EmployeeInfo.Service.js
C:\Users\LinhLPV\Source\Workspaces\ESHOP\EShop\FrontEnd\dist\out-tsc\src\app\Shared\EmployeeInfo.Service.js.map
C:\Users\LinhLPV\Source\Workspaces\ESHOP\EShop\FrontEnd\dist\out-tsc\src\app\Shared\MaterialComponent\paging\paging.model.js
C:\Users\LinhLPV\Source\Workspaces\ESHOP\EShop\FrontEnd\dist\out-tsc\src\app\Shared\MaterialComponent\paging\paging.model.js.map
C:\Users\LinhLPV\Source\Workspaces\ESHOP\EShop\FrontEnd\dist\out-tsc\src\app\app.component.js
C:\Users\LinhLPV\Source\Workspaces\ESHOP\EShop\FrontEnd\dist\out-tsc\src\app\app.component.js.map
C:\Users\LinhLPV\Source\Workspaces\ESHOP\EShop\FrontEnd\dist\out-tsc\src\app\Component\Coupon\Coupon.component.js
C:\Users\LinhLPV\Source\Workspaces\ESHOP\EShop\FrontEnd\dist\out-tsc\src\app\Component\Coupon\Coupon.component.js.map
C:\Users\LinhLPV\Source\Workspaces\ESHOP\EShop\FrontEnd\dist\out-tsc\src\app\Module\MCategory\Category.Entity.js
C:\Users\LinhLPV\Source\Workspaces\ESHOP\EShop\FrontEnd\dist\out-tsc\src\app\Module\MCategory\Category.Entity.js.map
C:\Users\LinhLPV\Source\Workspaces\ESHOP\EShop\FrontEnd\dist\out-tsc\src\app\Module\MCategory\Category.SearchEntity.js
C:\Users\LinhLPV\Source\Workspaces\ESHOP\EShop\FrontEnd\dist\out-tsc\src\app\Module\MCategory\Category.SearchEntity.js.map
C:\Users\LinhLPV\Source\Workspaces\ESHOP\EShop\FrontEnd\dist\out-tsc\src\app\Module\MLanguage\Language.Entity.js
C:\Users\LinhLPV\Source\Workspaces\ESHOP\EShop\FrontEnd\dist\out-tsc\src\app\Module\MLanguage\Language.Entity.js.map
C:\Users\LinhLPV\Source\Workspaces\ESHOP\EShop\FrontEnd\dist\out-tsc\src\app\Module\MCategory\Category.Service.js
C:\Users\LinhLPV\Source\Workspaces\ESHOP\EShop\FrontEnd\dist\out-tsc\src\app\Module\MCategory\Category.Service.js.map
C:\Users\LinhLPV\Source\Workspaces\ESHOP\EShop\FrontEnd\dist\out-tsc\src\app\Module\MLanguage\Language.Service.js
C:\Users\LinhLPV\Source\Workspaces\ESHOP\EShop\FrontEnd\dist\out-tsc\src\app\Module\MLanguage\Language.Service.js.map
C:\Users\LinhLPV\Source\Workspaces\ESHOP\EShop\FrontEnd\dist\out-tsc\src\app\Component\Category\Category.component.js
C:\Users\LinhLPV\Source\Workspaces\ESHOP\EShop\FrontEnd\dist\out-tsc\src\app\Component\Category\Category.component.js.map
C:\Users\LinhLPV\Source\Workspaces\ESHOP\EShop\FrontEnd\dist\out-tsc\src\app\Module\MPriceList\PriceList.Entity.js
C:\Users\LinhLPV\Source\Workspaces\ESHOP\EShop\FrontEnd\dist\out-tsc\src\app\Module\MPriceList\PriceList.Entity.js.map
C:\Users\LinhLPV\Source\Workspaces\ESHOP\EShop\FrontEnd\dist\out-tsc\src\app\Module\MReceiptNoteLine\ReceiptNoteLine.Entity.js
C:\Users\LinhLPV\Source\Workspaces\ESHOP\EShop\FrontEnd\dist\out-tsc\src\app\Module\MReceiptNoteLine\ReceiptNoteLine.Entity.js.map
C:\Users\LinhLPV\Source\Workspaces\ESHOP\EShop\FrontEnd\dist\out-tsc\src\app\Module\MReceiptNote\ReceiptNote.Entity.js
C:\Users\LinhLPV\Source\Workspaces\ESHOP\EShop\FrontEnd\dist\out-tsc\src\app\Module\MReceiptNote\ReceiptNote.Entity.js.map
C:\Users\LinhLPV\Source\Workspaces\ESHOP\EShop\FrontEnd\dist\out-tsc\src\app\Module\MSupplier\Supplier.Entity.js
C:\Users\LinhLPV\Source\Workspaces\ESHOP\EShop\FrontEnd\dist\out-tsc\src\app\Module\MSupplier\Supplier.Entity.js.map
C:\Users\LinhLPV\Source\Workspaces\ESHOP\EShop\FrontEnd\dist\out-tsc\src\app\Module\MIssueNote\IssueNote.Entity.js
C:\Users\LinhLPV\Source\Workspaces\ESHOP\EShop\FrontEnd\dist\out-tsc\src\app\Module\MIssueNote\IssueNote.Entity.js.map
C:\Users\LinhLPV\Source\Workspaces\ESHOP\EShop\FrontEnd\dist\out-tsc\src\app\Module\MWareHouse\WareHouse.Entity.js
C:\Users\LinhLPV\Source\Workspaces\ESHOP\EShop\FrontEnd\dist\out-tsc\src\app\Module\MWareHouse\WareHouse.Entity.js.map
C:\Users\LinhLPV\Source\Workspaces\ESHOP\EShop\FrontEnd\dist\out-tsc\src\app\Module\MInventory\Inventory.Entity.js
C:\Users\LinhLPV\Source\Workspaces\ESHOP\EShop\FrontEnd\dist\out-tsc\src\app\Module\MInventory\Inventory.Entity.js.map
C:\Users\LinhLPV\Source\Workspaces\ESHOP\EShop\FrontEnd\dist\out-tsc\src\app\Module\MPack\Pack.Entity.js
C:\Users\LinhLPV\Source\Workspaces\ESHOP\EShop\FrontEnd\dist\out-tsc\src\app\Module\MPack\Pack.Entity.js.map
C:\Users\LinhLPV\Source\Workspaces\ESHOP\EShop\FrontEnd\dist\out-tsc\src\app\Module\MDiscount\Discount.Entity.js
C:\Users\LinhLPV\Source\Workspaces\ESHOP\EShop\FrontEnd\dist\out-tsc\src\app\Module\MDiscount\Discount.Entity.js.map
C:\Users\LinhLPV\Source\Workspaces\ESHOP\EShop\FrontEnd\dist\out-tsc\src\app\Module\MManufacturer\Manufacturer.Entity.js
C:\Users\LinhLPV\Source\Workspaces\ESHOP\EShop\FrontEnd\dist\out-tsc\src\app\Module\MManufacturer\Manufacturer.Entity.js.map
C:\Users\LinhLPV\Source\Workspaces\ESHOP\EShop\FrontEnd\dist\out-tsc\src\app\Module\MIssueNoteLine\IssueNoteLine.Entity.js
C:\Users\LinhLPV\Source\Workspaces\ESHOP\EShop\FrontEnd\dist\out-tsc\src\app\Module\MIssueNoteLine\IssueNoteLine.Entity.js.map
C:\Users\LinhLPV\Source\Workspaces\ESHOP\EShop\FrontEnd\dist\out-tsc\src\app\Module\MProductPicture\ProductPicture.Entity.js
C:\Users\LinhLPV\Source\Workspaces\ESHOP\EShop\FrontEnd\dist\out-tsc\src\app\Module\MProductPicture\ProductPicture.Entity.js.map
C:\Users\LinhLPV\Source\Workspaces\ESHOP\EShop\FrontEnd\dist\out-tsc\src\app\Module\MProduct\Product.Entity.js
C:\Users\LinhLPV\Source\Workspaces\ESHOP\EShop\FrontEnd\dist\out-tsc\src\app\Module\MProduct\Product.Entity.js.map
C:\Users\LinhLPV\Source\Workspaces\ESHOP\EShop\FrontEnd\dist\out-tsc\src\app\Module\MProductValue\ProductValue.Entity.js
C:\Users\LinhLPV\Source\Workspaces\ESHOP\EShop\FrontEnd\dist\out-tsc\src\app\Module\MProductValue\ProductValue.Entity.js.map
C:\Users\LinhLPV\Source\Workspaces\ESHOP\EShop\FrontEnd\dist\out-tsc\src\app\Module\MProductAttribute\ProductAttribute.Entity.js
C:\Users\LinhLPV\Source\Workspaces\ESHOP\EShop\FrontEnd\dist\out-tsc\src\app\Module\MProductAttribute\ProductAttribute.Entity.js.map
C:\Users\LinhLPV\Source\Workspaces\ESHOP\EShop\FrontEnd\dist\out-tsc\src\app\Module\MProductAttribute\ProductAttribute.SearchEntity.js
C:\Users\LinhLPV\Source\Workspaces\ESHOP\EShop\FrontEnd\dist\out-tsc\src\app\Module\MProductAttribute\ProductAttribute.SearchEntity.js.map
C:\Users\LinhLPV\Source\Workspaces\ESHOP\EShop\FrontEnd\dist\out-tsc\src\app\Module\MProductAttribute\ProductAttribute.Service.js
C:\Users\LinhLPV\Source\Workspaces\ESHOP\EShop\FrontEnd\dist\out-tsc\src\app\Module\MProductAttribute\ProductAttribute.Service.js.map
C:\Users\LinhLPV\Source\Workspaces\ESHOP\EShop\FrontEnd\dist\out-tsc\src\app\Component\ProductAttribute\ProductAttribute.component.js
C:\Users\LinhLPV\Source\Workspaces\ESHOP\EShop\FrontEnd\dist\out-tsc\src\app\Component\ProductAttribute\ProductAttribute.component.js.map
C:\Users\LinhLPV\Source\Workspaces\ESHOP\EShop\FrontEnd\dist\out-tsc\src\app\Module\MIntroduction\Introduction.Entity.js
C:\Users\LinhLPV\Source\Workspaces\ESHOP\EShop\FrontEnd\dist\out-tsc\src\app\Module\MIntroduction\Introduction.Entity.js.map
C:\Users\LinhLPV\Source\Workspaces\ESHOP\EShop\FrontEnd\dist\out-tsc\src\app\Module\MIntroduction\Introduction.SearchEntity.js
C:\Users\LinhLPV\Source\Workspaces\ESHOP\EShop\FrontEnd\dist\out-tsc\src\app\Module\MIntroduction\Introduction.SearchEntity.js.map
C:\Users\LinhLPV\Source\Workspaces\ESHOP\EShop\FrontEnd\dist\out-tsc\src\app\Module\MIntroduction\Introduction.Service.js
C:\Users\LinhLPV\Source\Workspaces\ESHOP\EShop\FrontEnd\dist\out-tsc\src\app\Module\MIntroduction\Introduction.Service.js.map
C:\Users\LinhLPV\Source\Workspaces\ESHOP\EShop\FrontEnd\dist\out-tsc\src\app\Component\Introduction\Introduction.component.js
C:\Users\LinhLPV\Source\Workspaces\ESHOP\EShop\FrontEnd\dist\out-tsc\src\app\Component\Introduction\Introduction.component.js.map
C:\Users\LinhLPV\Source\Workspaces\ESHOP\EShop\FrontEnd\dist\out-tsc\src\app\Module\MInventory\Inventory.SearchEntity.js
C:\Users\LinhLPV\Source\Workspaces\ESHOP\EShop\FrontEnd\dist\out-tsc\src\app\Module\MInventory\Inventory.SearchEntity.js.map
C:\Users\LinhLPV\Source\Workspaces\ESHOP\EShop\FrontEnd\dist\out-tsc\src\app\Module\MInventory\Inventory.Service.js
C:\Users\LinhLPV\Source\Workspaces\ESHOP\EShop\FrontEnd\dist\out-tsc\src\app\Module\MInventory\Inventory.Service.js.map
C:\Users\LinhLPV\Source\Workspaces\ESHOP\EShop\FrontEnd\dist\out-tsc\src\app\Module\MWareHouse\WareHouse.Service.js
C:\Users\LinhLPV\Source\Workspaces\ESHOP\EShop\FrontEnd\dist\out-tsc\src\app\Module\MWareHouse\WareHouse.Service.js.map
C:\Users\LinhLPV\Source\Workspaces\ESHOP\EShop\FrontEnd\dist\out-tsc\src\app\Module\MWareHouse\WareHouse.SearchEntity.js
C:\Users\LinhLPV\Source\Workspaces\ESHOP\EShop\FrontEnd\dist\out-tsc\src\app\Module\MWareHouse\WareHouse.SearchEntity.js.map
C:\Users\LinhLPV\Source\Workspaces\ESHOP\EShop\FrontEnd\dist\out-tsc\src\app\Module\MProduct\Product.Service.js
C:\Users\LinhLPV\Source\Workspaces\ESHOP\EShop\FrontEnd\dist\out-tsc\src\app\Module\MProduct\Product.Service.js.map
C:\Users\LinhLPV\Source\Workspaces\ESHOP\EShop\FrontEnd\dist\out-tsc\src\app\Module\MProduct\Product.SearchEntity.js
C:\Users\LinhLPV\Source\Workspaces\ESHOP\EShop\FrontEnd\dist\out-tsc\src\app\Module\MProduct\Product.SearchEntity.js.map
C:\Users\LinhLPV\Source\Workspaces\ESHOP\EShop\FrontEnd\dist\out-tsc\src\app\Component\Inventory\Inventory.component.js
C:\Users\LinhLPV\Source\Workspaces\ESHOP\EShop\FrontEnd\dist\out-tsc\src\app\Component\Inventory\Inventory.component.js.map
C:\Users\LinhLPV\Source\Workspaces\ESHOP\EShop\FrontEnd\dist\out-tsc\src\app\Module\MLanguage\Language.SearchEntity.js
C:\Users\LinhLPV\Source\Workspaces\ESHOP\EShop\FrontEnd\dist\out-tsc\src\app\Module\MLanguage\Language.SearchEntity.js.map
C:\Users\LinhLPV\Source\Workspaces\ESHOP\EShop\FrontEnd\dist\out-tsc\src\app\Component\Language\Language.component.js
C:\Users\LinhLPV\Source\Workspaces\ESHOP\EShop\FrontEnd\dist\out-tsc\src\app\Component\Language\Language.component.js.map
C:\Users\LinhLPV\Source\Workspaces\ESHOP\EShop\FrontEnd\dist\out-tsc\src\app\Module\MOperation\Operation.Entity.js
C:\Users\LinhLPV\Source\Workspaces\ESHOP\EShop\FrontEnd\dist\out-tsc\src\app\Module\MOperation\Operation.Entity.js.map
C:\Users\LinhLPV\Source\Workspaces\ESHOP\EShop\FrontEnd\dist\out-tsc\src\app\Module\MOperation\Operation.Service.js
C:\Users\LinhLPV\Source\Workspaces\ESHOP\EShop\FrontEnd\dist\out-tsc\src\app\Module\MOperation\Operation.Service.js.map
C:\Users\LinhLPV\Source\Workspaces\ESHOP\EShop\FrontEnd\dist\out-tsc\src\app\Module\MOperation\Operation.SearchEntity.js
C:\Users\LinhLPV\Source\Workspaces\ESHOP\EShop\FrontEnd\dist\out-tsc\src\app\Module\MOperation\Operation.SearchEntity.js.map
C:\Users\LinhLPV\Source\Workspaces\ESHOP\EShop\FrontEnd\dist\out-tsc\src\app\Component\Operation\Operation.component.js
C:\Users\LinhLPV\Source\Workspaces\ESHOP\EShop\FrontEnd\dist\out-tsc\src\app\Component\Operation\Operation.component.js.map
C:\Users\LinhLPV\Source\Workspaces\ESHOP\EShop\FrontEnd\dist\out-tsc\src\app\Module\MRole\Role.Entity.js
C:\Users\LinhLPV\Source\Workspaces\ESHOP\EShop\FrontEnd\dist\out-tsc\src\app\Module\MRole\Role.Entity.js.map
C:\Users\LinhLPV\Source\Workspaces\ESHOP\EShop\FrontEnd\dist\out-tsc\src\app\Module\MPermission\Permission.Entity.js
C:\Users\LinhLPV\Source\Workspaces\ESHOP\EShop\FrontEnd\dist\out-tsc\src\app\Module\MPermission\Permission.Entity.js.map
C:\Users\LinhLPV\Source\Workspaces\ESHOP\EShop\FrontEnd\dist\out-tsc\src\app\Module\MPermission\Permission.SearchEntity.js
C:\Users\LinhLPV\Source\Workspaces\ESHOP\EShop\FrontEnd\dist\out-tsc\src\app\Module\MPermission\Permission.SearchEntity.js.map
C:\Users\LinhLPV\Source\Workspaces\ESHOP\EShop\FrontEnd\dist\out-tsc\src\app\Module\MPermission\Permission.Service.js
C:\Users\LinhLPV\Source\Workspaces\ESHOP\EShop\FrontEnd\dist\out-tsc\src\app\Module\MPermission\Permission.Service.js.map
C:\Users\LinhLPV\Source\Workspaces\ESHOP\EShop\FrontEnd\dist\out-tsc\src\app\Component\Permission\Permission.component.js
C:\Users\LinhLPV\Source\Workspaces\ESHOP\EShop\FrontEnd\dist\out-tsc\src\app\Component\Permission\Permission.component.js.map
C:\Users\LinhLPV\Source\Workspaces\ESHOP\EShop\FrontEnd\dist\out-tsc\src\app\Shared\MaterialComponent\modal\modal.component.js
C:\Users\LinhLPV\Source\Workspaces\ESHOP\EShop\FrontEnd\dist\out-tsc\src\app\Shared\MaterialComponent\modal\modal.component.js.map
C:\Users\LinhLPV\Source\Workspaces\ESHOP\EShop\FrontEnd\dist\out-tsc\src\app\Component\Product\Product.component.js
C:\Users\LinhLPV\Source\Workspaces\ESHOP\EShop\FrontEnd\dist\out-tsc\src\app\Component\Product\Product.component.js.map
C:\Users\LinhLPV\Source\Workspaces\ESHOP\EShop\FrontEnd\dist\out-tsc\src\app\Module\MRole\Role.Service.js
C:\Users\LinhLPV\Source\Workspaces\ESHOP\EShop\FrontEnd\dist\out-tsc\src\app\Module\MRole\Role.Service.js.map
C:\Users\LinhLPV\Source\Workspaces\ESHOP\EShop\FrontEnd\dist\out-tsc\src\app\Component\Role\Role.component.js
C:\Users\LinhLPV\Source\Workspaces\ESHOP\EShop\FrontEnd\dist\out-tsc\src\app\Component\Role\Role.component.js.map
C:\Users\LinhLPV\Source\Workspaces\ESHOP\EShop\FrontEnd\dist\out-tsc\src\app\Module\MSupplier\Supplier.SearchEntity.js
C:\Users\LinhLPV\Source\Workspaces\ESHOP\EShop\FrontEnd\dist\out-tsc\src\app\Module\MSupplier\Supplier.SearchEntity.js.map
C:\Users\LinhLPV\Source\Workspaces\ESHOP\EShop\FrontEnd\dist\out-tsc\src\app\Module\MSupplier\Supplier.Service.js
C:\Users\LinhLPV\Source\Workspaces\ESHOP\EShop\FrontEnd\dist\out-tsc\src\app\Module\MSupplier\Supplier.Service.js.map
C:\Users\LinhLPV\Source\Workspaces\ESHOP\EShop\FrontEnd\dist\out-tsc\src\app\Component\Supplier\Supplier.component.js
C:\Users\LinhLPV\Source\Workspaces\ESHOP\EShop\FrontEnd\dist\out-tsc\src\app\Component\Supplier\Supplier.component.js.map
C:\Users\LinhLPV\Source\Workspaces\ESHOP\EShop\FrontEnd\dist\out-tsc\src\app\menu-model.js
C:\Users\LinhLPV\Source\Workspaces\ESHOP\EShop\FrontEnd\dist\out-tsc\src\app\menu-model.js.map
C:\Users\LinhLPV\Source\Workspaces\ESHOP\EShop\FrontEnd\dist\out-tsc\src\app\Shared\Login\Login.Component.js
C:\Users\LinhLPV\Source\Workspaces\ESHOP\EShop\FrontEnd\dist\out-tsc\src\app\Shared\Login\Login.Component.js.map
C:\Users\LinhLPV\Source\Workspaces\ESHOP\EShop\FrontEnd\dist\out-tsc\src\app\Auth.Guard.Service.js
C:\Users\LinhLPV\Source\Workspaces\ESHOP\EShop\FrontEnd\dist\out-tsc\src\app\Auth.Guard.Service.js.map
C:\Users\LinhLPV\Source\Workspaces\ESHOP\EShop\FrontEnd\dist\out-tsc\src\app\Module\MIssueNote\IssueNote.SearchEntity.js
C:\Users\LinhLPV\Source\Workspaces\ESHOP\EShop\FrontEnd\dist\out-tsc\src\app\Module\MIssueNote\IssueNote.SearchEntity.js.map
C:\Users\LinhLPV\Source\Workspaces\ESHOP\EShop\FrontEnd\dist\out-tsc\src\app\Module\MIssueNote\IssueNote.Service.js
C:\Users\LinhLPV\Source\Workspaces\ESHOP\EShop\FrontEnd\dist\out-tsc\src\app\Module\MIssueNote\IssueNote.Service.js.map
C:\Users\LinhLPV\Source\Workspaces\ESHOP\EShop\FrontEnd\dist\out-tsc\src\app\Component\IssueNote\IssueNote.component.js
C:\Users\LinhLPV\Source\Workspaces\ESHOP\EShop\FrontEnd\dist\out-tsc\src\app\Component\IssueNote\IssueNote.component.js.map
C:\Users\LinhLPV\Source\Workspaces\ESHOP\EShop\FrontEnd\dist\out-tsc\src\app\Module\MReceiptNote\ReceiptNote.Service.js
C:\Users\LinhLPV\Source\Workspaces\ESHOP\EShop\FrontEnd\dist\out-tsc\src\app\Module\MReceiptNote\ReceiptNote.Service.js.map
C:\Users\LinhLPV\Source\Workspaces\ESHOP\EShop\FrontEnd\dist\out-tsc\src\app\Component\ReceiptNote\ReceiptNote.component.js
C:\Users\LinhLPV\Source\Workspaces\ESHOP\EShop\FrontEnd\dist\out-tsc\src\app\Component\ReceiptNote\ReceiptNote.component.js.map
C:\Users\LinhLPV\Source\Workspaces\ESHOP\EShop\FrontEnd\dist\out-tsc\src\app\Module\MEmployee\Employee.Service.js
C:\Users\LinhLPV\Source\Workspaces\ESHOP\EShop\FrontEnd\dist\out-tsc\src\app\Module\MEmployee\Employee.Service.js.map
C:\Users\LinhLPV\Source\Workspaces\ESHOP\EShop\FrontEnd\dist\out-tsc\src\app\Module\MEmployee\Employee.SearchEntity.js
C:\Users\LinhLPV\Source\Workspaces\ESHOP\EShop\FrontEnd\dist\out-tsc\src\app\Module\MEmployee\Employee.SearchEntity.js.map
C:\Users\LinhLPV\Source\Workspaces\ESHOP\EShop\FrontEnd\dist\out-tsc\src\app\Component\Warehouse\WareHouse.component.js
C:\Users\LinhLPV\Source\Workspaces\ESHOP\EShop\FrontEnd\dist\out-tsc\src\app\Component\Warehouse\WareHouse.component.js.map
C:\Users\LinhLPV\Source\Workspaces\ESHOP\EShop\FrontEnd\dist\out-tsc\src\app\Module\MProductValue\ProductValue.Service.js
C:\Users\LinhLPV\Source\Workspaces\ESHOP\EShop\FrontEnd\dist\out-tsc\src\app\Module\MProductValue\ProductValue.Service.js.map
C:\Users\LinhLPV\Source\Workspaces\ESHOP\EShop\FrontEnd\dist\out-tsc\src\app\Module\MProductValue\ProductValue.SearchEntity.js
C:\Users\LinhLPV\Source\Workspaces\ESHOP\EShop\FrontEnd\dist\out-tsc\src\app\Module\MProductValue\ProductValue.SearchEntity.js.map
C:\Users\LinhLPV\Source\Workspaces\ESHOP\EShop\FrontEnd\dist\out-tsc\src\app\Module\MTax\Tax.Entity.js
C:\Users\LinhLPV\Source\Workspaces\ESHOP\EShop\FrontEnd\dist\out-tsc\src\app\Module\MTax\Tax.Entity.js.map
C:\Users\LinhLPV\Source\Workspaces\ESHOP\EShop\FrontEnd\dist\out-tsc\src\app\Module\MTax\Tax.Service.js
C:\Users\LinhLPV\Source\Workspaces\ESHOP\EShop\FrontEnd\dist\out-tsc\src\app\Module\MTax\Tax.Service.js.map
C:\Users\LinhLPV\Source\Workspaces\ESHOP\EShop\FrontEnd\dist\out-tsc\src\app\Module\MPack\Pack.Service.js
C:\Users\LinhLPV\Source\Workspaces\ESHOP\EShop\FrontEnd\dist\out-tsc\src\app\Module\MPack\Pack.Service.js.map
C:\Users\LinhLPV\Source\Workspaces\ESHOP\EShop\FrontEnd\dist\out-tsc\src\app\Module\MDiscount\Discount.Service.js
C:\Users\LinhLPV\Source\Workspaces\ESHOP\EShop\FrontEnd\dist\out-tsc\src\app\Module\MDiscount\Discount.Service.js.map
C:\Users\LinhLPV\Source\Workspaces\ESHOP\EShop\FrontEnd\dist\out-tsc\src\app\Module\MTax\Tax.SearchEntity.js
C:\Users\LinhLPV\Source\Workspaces\ESHOP\EShop\FrontEnd\dist\out-tsc\src\app\Module\MTax\Tax.SearchEntity.js.map
C:\Users\LinhLPV\Source\Workspaces\ESHOP\EShop\FrontEnd\dist\out-tsc\src\app\Module\MPack\Pack.SearchEntity.js
C:\Users\LinhLPV\Source\Workspaces\ESHOP\EShop\FrontEnd\dist\out-tsc\src\app\Module\MPack\Pack.SearchEntity.js.map
C:\Users\LinhLPV\Source\Workspaces\ESHOP\EShop\FrontEnd\dist\out-tsc\src\app\Module\MDiscount\Discount.SearchEntity.js
C:\Users\LinhLPV\Source\Workspaces\ESHOP\EShop\FrontEnd\dist\out-tsc\src\app\Module\MDiscount\Discount.SearchEntity.js.map
C:\Users\LinhLPV\Source\Workspaces\ESHOP\EShop\FrontEnd\dist\out-tsc\src\app\Module\MProductPicture\ProductPicture.Service.js
C:\Users\LinhLPV\Source\Workspaces\ESHOP\EShop\FrontEnd\dist\out-tsc\src\app\Module\MProductPicture\ProductPicture.Service.js.map
C:\Users\LinhLPV\Source\Workspaces\ESHOP\EShop\FrontEnd\dist\out-tsc\src\app\Module\MProductPicture\ProductPicture.SearchEntity.js
C:\Users\LinhLPV\Source\Workspaces\ESHOP\EShop\FrontEnd\dist\out-tsc\src\app\Module\MProductPicture\ProductPicture.SearchEntity.js.map
C:\Users\LinhLPV\Source\Workspaces\ESHOP\EShop\FrontEnd\dist\out-tsc\src\app\Component\Product\ProductDetail\ProductDetail.component.js
C:\Users\LinhLPV\Source\Workspaces\ESHOP\EShop\FrontEnd\dist\out-tsc\src\app\Component\Product\ProductDetail\ProductDetail.component.js.map
C:\Users\LinhLPV\Source\Workspaces\ESHOP\EShop\FrontEnd\dist\out-tsc\src\app\Module\MManufacturer\Manufacturer.SearchEntity.js
C:\Users\LinhLPV\Source\Workspaces\ESHOP\EShop\FrontEnd\dist\out-tsc\src\app\Module\MManufacturer\Manufacturer.SearchEntity.js.map
C:\Users\LinhLPV\Source\Workspaces\ESHOP\EShop\FrontEnd\dist\out-tsc\src\app\Module\MManufacturer\Manufacturer.Service.js
C:\Users\LinhLPV\Source\Workspaces\ESHOP\EShop\FrontEnd\dist\out-tsc\src\app\Module\MManufacturer\Manufacturer.Service.js.map
C:\Users\LinhLPV\Source\Workspaces\ESHOP\EShop\FrontEnd\dist\out-tsc\src\app\Component\Manufacturer\Manufacturer.component.js
C:\Users\LinhLPV\Source\Workspaces\ESHOP\EShop\FrontEnd\dist\out-tsc\src\app\Component\Manufacturer\Manufacturer.component.js.map
C:\Users\LinhLPV\Source\Workspaces\ESHOP\EShop\FrontEnd\dist\out-tsc\src\app\Module\MCustomerGroup\CustomerGroup.Entity.js
C:\Users\LinhLPV\Source\Workspaces\ESHOP\EShop\FrontEnd\dist\out-tsc\src\app\Module\MCustomerGroup\CustomerGroup.Entity.js.map
C:\Users\LinhLPV\Source\Workspaces\ESHOP\EShop\FrontEnd\dist\out-tsc\src\app\Module\MCustomerGroup\CustomerGroup.SearchEntity.js
C:\Users\LinhLPV\Source\Workspaces\ESHOP\EShop\FrontEnd\dist\out-tsc\src\app\Module\MCustomerGroup\CustomerGroup.SearchEntity.js.map
C:\Users\LinhLPV\Source\Workspaces\ESHOP\EShop\FrontEnd\dist\out-tsc\src\app\Module\MCustomerGroup\CustomerGroup.Service.js
C:\Users\LinhLPV\Source\Workspaces\ESHOP\EShop\FrontEnd\dist\out-tsc\src\app\Module\MCustomerGroup\CustomerGroup.Service.js.map
C:\Users\LinhLPV\Source\Workspaces\ESHOP\EShop\FrontEnd\dist\out-tsc\src\app\Component\CustomerGroup\CustomerGroup.component.js
C:\Users\LinhLPV\Source\Workspaces\ESHOP\EShop\FrontEnd\dist\out-tsc\src\app\Component\CustomerGroup\CustomerGroup.component.js.map
C:\Users\LinhLPV\Source\Workspaces\ESHOP\EShop\FrontEnd\dist\out-tsc\src\app\Module\MCity\City.Entity.js
C:\Users\LinhLPV\Source\Workspaces\ESHOP\EShop\FrontEnd\dist\out-tsc\src\app\Module\MCity\City.Entity.js.map
C:\Users\LinhLPV\Source\Workspaces\ESHOP\EShop\FrontEnd\dist\out-tsc\src\app\Module\MCountry\Country.Entity.js
C:\Users\LinhLPV\Source\Workspaces\ESHOP\EShop\FrontEnd\dist\out-tsc\src\app\Module\MCountry\Country.Entity.js.map
C:\Users\LinhLPV\Source\Workspaces\ESHOP\EShop\FrontEnd\dist\out-tsc\src\app\Module\MCountry\Country.SearchEntity.js
C:\Users\LinhLPV\Source\Workspaces\ESHOP\EShop\FrontEnd\dist\out-tsc\src\app\Module\MCountry\Country.SearchEntity.js.map
C:\Users\LinhLPV\Source\Workspaces\ESHOP\EShop\FrontEnd\dist\out-tsc\src\app\Module\MCountry\Country.Service.js
C:\Users\LinhLPV\Source\Workspaces\ESHOP\EShop\FrontEnd\dist\out-tsc\src\app\Module\MCountry\Country.Service.js.map
C:\Users\LinhLPV\Source\Workspaces\ESHOP\EShop\FrontEnd\dist\out-tsc\src\app\Component\Country\Country.component.js
C:\Users\LinhLPV\Source\Workspaces\ESHOP\EShop\FrontEnd\dist\out-tsc\src\app\Component\Country\Country.component.js.map
C:\Users\LinhLPV\Source\Workspaces\ESHOP\EShop\FrontEnd\dist\out-tsc\src\app\Module\MCity\City.SearchEntity.js
C:\Users\LinhLPV\Source\Workspaces\ESHOP\EShop\FrontEnd\dist\out-tsc\src\app\Module\MCity\City.SearchEntity.js.map
C:\Users\LinhLPV\Source\Workspaces\ESHOP\EShop\FrontEnd\dist\out-tsc\src\app\Module\MCity\City.Service.js
C:\Users\LinhLPV\Source\Workspaces\ESHOP\EShop\FrontEnd\dist\out-tsc\src\app\Module\MCity\City.Service.js.map
C:\Users\LinhLPV\Source\Workspaces\ESHOP\EShop\FrontEnd\dist\out-tsc\src\app\Component\City\City.component.js
C:\Users\LinhLPV\Source\Workspaces\ESHOP\EShop\FrontEnd\dist\out-tsc\src\app\Component\City\City.component.js.map
C:\Users\LinhLPV\Source\Workspaces\ESHOP\EShop\FrontEnd\dist\out-tsc\src\app\Module\MCustomer\Customer.Entity.js
C:\Users\LinhLPV\Source\Workspaces\ESHOP\EShop\FrontEnd\dist\out-tsc\src\app\Module\MCustomer\Customer.Entity.js.map
C:\Users\LinhLPV\Source\Workspaces\ESHOP\EShop\FrontEnd\dist\out-tsc\src\app\Module\MShipmentDetail\ShipmentDetail.Entity.js
C:\Users\LinhLPV\Source\Workspaces\ESHOP\EShop\FrontEnd\dist\out-tsc\src\app\Module\MShipmentDetail\ShipmentDetail.Entity.js.map
C:\Users\LinhLPV\Source\Workspaces\ESHOP\EShop\FrontEnd\dist\out-tsc\src\app\Module\MShipmentDetail\ShipmentDetail.SearchEntity.js
C:\Users\LinhLPV\Source\Workspaces\ESHOP\EShop\FrontEnd\dist\out-tsc\src\app\Module\MShipmentDetail\ShipmentDetail.SearchEntity.js.map
C:\Users\LinhLPV\Source\Workspaces\ESHOP\EShop\FrontEnd\dist\out-tsc\src\app\Module\MShipmentDetail\ShipmentDetail.Service.js
C:\Users\LinhLPV\Source\Workspaces\ESHOP\EShop\FrontEnd\dist\out-tsc\src\app\Module\MShipmentDetail\ShipmentDetail.Service.js.map
C:\Users\LinhLPV\Source\Workspaces\ESHOP\EShop\FrontEnd\dist\out-tsc\src\app\Module\MCustomer\Customer.Service.js
C:\Users\LinhLPV\Source\Workspaces\ESHOP\EShop\FrontEnd\dist\out-tsc\src\app\Module\MCustomer\Customer.Service.js.map
C:\Users\LinhLPV\Source\Workspaces\ESHOP\EShop\FrontEnd\dist\out-tsc\src\app\Component\ShipmentDetail\ShipmentDetail.component.js
C:\Users\LinhLPV\Source\Workspaces\ESHOP\EShop\FrontEnd\dist\out-tsc\src\app\Component\ShipmentDetail\ShipmentDetail.component.js.map
C:\Users\LinhLPV\Source\Workspaces\ESHOP\EShop\FrontEnd\dist\out-tsc\src\app\Module\MOpeningBalance\OpeningBalance.Entity.js
C:\Users\LinhLPV\Source\Workspaces\ESHOP\EShop\FrontEnd\dist\out-tsc\src\app\Module\MOpeningBalance\OpeningBalance.Entity.js.map
C:\Users\LinhLPV\Source\Workspaces\ESHOP\EShop\FrontEnd\dist\out-tsc\src\app\Module\MOpeningBalance\OpeningBalance.SearchEntity.js
C:\Users\LinhLPV\Source\Workspaces\ESHOP\EShop\FrontEnd\dist\out-tsc\src\app\Module\MOpeningBalance\OpeningBalance.SearchEntity.js.map
C:\Users\LinhLPV\Source\Workspaces\ESHOP\EShop\FrontEnd\dist\out-tsc\src\app\Module\MOpeningBalance\OpeningBalance.Service.js
C:\Users\LinhLPV\Source\Workspaces\ESHOP\EShop\FrontEnd\dist\out-tsc\src\app\Module\MOpeningBalance\OpeningBalance.Service.js.map
C:\Users\LinhLPV\Source\Workspaces\ESHOP\EShop\FrontEnd\dist\out-tsc\src\app\Component\OpeningBalance\OpeningBalance.component.js
C:\Users\LinhLPV\Source\Workspaces\ESHOP\EShop\FrontEnd\dist\out-tsc\src\app\Component\OpeningBalance\OpeningBalance.component.js.map
C:\Users\LinhLPV\Source\Workspaces\ESHOP\EShop\FrontEnd\dist\out-tsc\src\app\Component\StockTransfer\StockTransfer.component.js
C:\Users\LinhLPV\Source\Workspaces\ESHOP\EShop\FrontEnd\dist\out-tsc\src\app\Component\StockTransfer\StockTransfer.component.js.map
C:\Users\LinhLPV\Source\Workspaces\ESHOP\EShop\FrontEnd\dist\out-tsc\src\app\Component\ReceiptNote\Detail\ReceiptNoteDetail.component.js
C:\Users\LinhLPV\Source\Workspaces\ESHOP\EShop\FrontEnd\dist\out-tsc\src\app\Component\ReceiptNote\Detail\ReceiptNoteDetail.component.js.map
C:\Users\LinhLPV\Source\Workspaces\ESHOP\EShop\FrontEnd\dist\out-tsc\src\app\Component\Employee\Employee.component.js
C:\Users\LinhLPV\Source\Workspaces\ESHOP\EShop\FrontEnd\dist\out-tsc\src\app\Component\Employee\Employee.component.js.map
C:\Users\LinhLPV\Source\Workspaces\ESHOP\EShop\FrontEnd\dist\out-tsc\src\app\Module\MOrder\Order.Entity.js
C:\Users\LinhLPV\Source\Workspaces\ESHOP\EShop\FrontEnd\dist\out-tsc\src\app\Module\MOrder\Order.Entity.js.map
C:\Users\LinhLPV\Source\Workspaces\ESHOP\EShop\FrontEnd\dist\out-tsc\src\app\Module\MOrder\Order.Service.js
C:\Users\LinhLPV\Source\Workspaces\ESHOP\EShop\FrontEnd\dist\out-tsc\src\app\Module\MOrder\Order.Service.js.map
C:\Users\LinhLPV\Source\Workspaces\ESHOP\EShop\FrontEnd\dist\out-tsc\src\app\Module\MOrder\Order.SearchEntity.js
C:\Users\LinhLPV\Source\Workspaces\ESHOP\EShop\FrontEnd\dist\out-tsc\src\app\Module\MOrder\Order.SearchEntity.js.map
C:\Users\LinhLPV\Source\Workspaces\ESHOP\EShop\FrontEnd\dist\out-tsc\src\app\Component\Order\Order.component.js
C:\Users\LinhLPV\Source\Workspaces\ESHOP\EShop\FrontEnd\dist\out-tsc\src\app\Component\Order\Order.component.js.map
C:\Users\LinhLPV\Source\Workspaces\ESHOP\EShop\FrontEnd\dist\out-tsc\src\app\Component\Order\Detail\OrderDetail.component.js
C:\Users\LinhLPV\Source\Workspaces\ESHOP\EShop\FrontEnd\dist\out-tsc\src\app\Component\Order\Detail\OrderDetail.component.js.map
C:\Users\LinhLPV\Source\Workspaces\ESHOP\EShop\FrontEnd\dist\out-tsc\src\app\Component\IssueNote\Detail\IssueNoteDetail.component.js
C:\Users\LinhLPV\Source\Workspaces\ESHOP\EShop\FrontEnd\dist\out-tsc\src\app\Component\IssueNote\Detail\IssueNoteDetail.component.js.map
C:\Users\LinhLPV\Source\Workspaces\ESHOP\EShop\FrontEnd\dist\out-tsc\src\app\Route.js
C:\Users\LinhLPV\Source\Workspaces\ESHOP\EShop\FrontEnd\dist\out-tsc\src\app\Route.js.map
C:\Users\LinhLPV\Source\Workspaces\ESHOP\EShop\FrontEnd\dist\out-tsc\src\app\Shared\Body\Body.Component.js
C:\Users\LinhLPV\Source\Workspaces\ESHOP\EShop\FrontEnd\dist\out-tsc\src\app\Shared\Body\Body.Component.js.map
C:\Users\LinhLPV\Source\Workspaces\ESHOP\EShop\FrontEnd\dist\out-tsc\src\app\Shared\Header\Header.Component.js
C:\Users\LinhLPV\Source\Workspaces\ESHOP\EShop\FrontEnd\dist\out-tsc\src\app\Shared\Header\Header.Component.js.map
C:\Users\LinhLPV\Source\Workspaces\ESHOP\EShop\FrontEnd\dist\out-tsc\src\app\Shared\MaterialComponent\dropdown\dropdown.component.js
C:\Users\LinhLPV\Source\Workspaces\ESHOP\EShop\FrontEnd\dist\out-tsc\src\app\Shared\MaterialComponent\dropdown\dropdown.component.js.map
C:\Users\LinhLPV\Source\Workspaces\ESHOP\EShop\FrontEnd\dist\out-tsc\src\app\Shared\MaterialComponent\Excel\Excel.Entity.js
C:\Users\LinhLPV\Source\Workspaces\ESHOP\EShop\FrontEnd\dist\out-tsc\src\app\Shared\MaterialComponent\Excel\Excel.Entity.js.map
C:\Users\LinhLPV\Source\Workspaces\ESHOP\EShop\FrontEnd\dist\out-tsc\src\app\Shared\MaterialComponent\Excel\Excel.component.js
C:\Users\LinhLPV\Source\Workspaces\ESHOP\EShop\FrontEnd\dist\out-tsc\src\app\Shared\MaterialComponent\Excel\Excel.component.js.map
C:\Users\LinhLPV\Source\Workspaces\ESHOP\EShop\FrontEnd\dist\out-tsc\src\app\Shared\MaterialComponent\inputfile\Data.Entity.js
C:\Users\LinhLPV\Source\Workspaces\ESHOP\EShop\FrontEnd\dist\out-tsc\src\app\Shared\MaterialComponent\inputfile\Data.Entity.js.map
C:\Users\LinhLPV\Source\Workspaces\ESHOP\EShop\FrontEnd\dist\out-tsc\src\app\Shared\MaterialComponent\inputfile\inputfile.component.js
C:\Users\LinhLPV\Source\Workspaces\ESHOP\EShop\FrontEnd\dist\out-tsc\src\app\Shared\MaterialComponent\inputfile\inputfile.component.js.map
C:\Users\LinhLPV\Source\Workspaces\ESHOP\EShop\FrontEnd\dist\out-tsc\src\app\Shared\MaterialComponent\MenuPurchase\menupurchase.component.js
C:\Users\LinhLPV\Source\Workspaces\ESHOP\EShop\FrontEnd\dist\out-tsc\src\app\Shared\MaterialComponent\MenuPurchase\menupurchase.component.js.map
C:\Users\LinhLPV\Source\Workspaces\ESHOP\EShop\FrontEnd\dist\out-tsc\src\app\Shared\MaterialComponent\paging\paging.component.js
C:\Users\LinhLPV\Source\Workspaces\ESHOP\EShop\FrontEnd\dist\out-tsc\src\app\Shared\MaterialComponent\paging\paging.component.js.map
C:\Users\LinhLPV\Source\Workspaces\ESHOP\EShop\FrontEnd\dist\out-tsc\src\app\Shared\MaterialComponent\Portlet\Portlet.Component.js
C:\Users\LinhLPV\Source\Workspaces\ESHOP\EShop\FrontEnd\dist\out-tsc\src\app\Shared\MaterialComponent\Portlet\Portlet.Component.js.map
C:\Users\LinhLPV\Source\Workspaces\ESHOP\EShop\FrontEnd\dist\out-tsc\src\app\Shared\MaterialComponent\tagsinput\tagsinput.component.js
C:\Users\LinhLPV\Source\Workspaces\ESHOP\EShop\FrontEnd\dist\out-tsc\src\app\Shared\MaterialComponent\tagsinput\tagsinput.component.js.map
C:\Users\LinhLPV\Source\Workspaces\ESHOP\EShop\FrontEnd\dist\out-tsc\node_modules\ngx-quill-editor\quillEditor.component.js
C:\Users\LinhLPV\Source\Workspaces\ESHOP\EShop\FrontEnd\dist\out-tsc\node_modules\ngx-quill-editor\quillEditor.component.js.map
C:\Users\LinhLPV\Source\Workspaces\ESHOP\EShop\FrontEnd\dist\out-tsc\node_modules\ngx-quill-editor\quillEditor.module.js
C:\Users\LinhLPV\Source\Workspaces\ESHOP\EShop\FrontEnd\dist\out-tsc\node_modules\ngx-quill-editor\quillEditor.module.js.map
C:\Users\LinhLPV\Source\Workspaces\ESHOP\EShop\FrontEnd\dist\out-tsc\node_modules\ngx-quill-editor\index.js
C:\Users\LinhLPV\Source\Workspaces\ESHOP\EShop\FrontEnd\dist\out-tsc\node_modules\ngx-quill-editor\index.js.map
C:\Users\LinhLPV\Source\Workspaces\ESHOP\EShop\FrontEnd\dist\out-tsc\src\app\Module\MReceiptNoteLine\ReceiptNoteLine.SearchEntity.js
C:\Users\LinhLPV\Source\Workspaces\ESHOP\EShop\FrontEnd\dist\out-tsc\src\app\Module\MReceiptNoteLine\ReceiptNoteLine.SearchEntity.js.map
C:\Users\LinhLPV\Source\Workspaces\ESHOP\EShop\FrontEnd\dist\out-tsc\src\app\Module\MReceiptNoteLine\ReceiptNoteLine.Service.js
C:\Users\LinhLPV\Source\Workspaces\ESHOP\EShop\FrontEnd\dist\out-tsc\src\app\Module\MReceiptNoteLine\ReceiptNoteLine.Service.js.map
C:\Users\LinhLPV\Source\Workspaces\ESHOP\EShop\FrontEnd\dist\out-tsc\src\app\Module\MIssueNoteLine\IssueNoteLine.SearchEntity.js
C:\Users\LinhLPV\Source\Workspaces\ESHOP\EShop\FrontEnd\dist\out-tsc\src\app\Module\MIssueNoteLine\IssueNoteLine.SearchEntity.js.map
C:\Users\LinhLPV\Source\Workspaces\ESHOP\EShop\FrontEnd\dist\out-tsc\src\app\Module\MIssueNoteLine\IssueNoteLine.Service.js
C:\Users\LinhLPV\Source\Workspaces\ESHOP\EShop\FrontEnd\dist\out-tsc\src\app\Module\MIssueNoteLine\IssueNoteLine.Service.js.map
C:\Users\LinhLPV\Source\Workspaces\ESHOP\EShop\FrontEnd\dist\out-tsc\src\app\Component\IssueNote\Detail\IssueNoteLine.component.js
C:\Users\LinhLPV\Source\Workspaces\ESHOP\EShop\FrontEnd\dist\out-tsc\src\app\Component\IssueNote\Detail\IssueNoteLine.component.js.map
C:\Users\LinhLPV\Source\Workspaces\ESHOP\EShop\FrontEnd\dist\out-tsc\src\app\Shared\EmployeeCodePipe\EmployeeCode.pipe.js
C:\Users\LinhLPV\Source\Workspaces\ESHOP\EShop\FrontEnd\dist\out-tsc\src\app\Shared\EmployeeCodePipe\EmployeeCode.pipe.js.map
C:\Users\LinhLPV\Source\Workspaces\ESHOP\EShop\FrontEnd\dist\out-tsc\src\app\Shared\MaterialComponent\avatar\avatar.component.js
C:\Users\LinhLPV\Source\Workspaces\ESHOP\EShop\FrontEnd\dist\out-tsc\src\app\Shared\MaterialComponent\avatar\avatar.component.js.map
C:\Users\LinhLPV\Source\Workspaces\ESHOP\EShop\FrontEnd\dist\out-tsc\src\app\Shared\MaterialComponent\datetime\datetime.component.js
C:\Users\LinhLPV\Source\Workspaces\ESHOP\EShop\FrontEnd\dist\out-tsc\src\app\Shared\MaterialComponent\datetime\datetime.component.js.map
C:\Users\LinhLPV\Source\Workspaces\ESHOP\EShop\FrontEnd\dist\out-tsc\src\app\Shared\MaterialComponent\ng-select-custom\ng-select-custom.component.js
C:\Users\LinhLPV\Source\Workspaces\ESHOP\EShop\FrontEnd\dist\out-tsc\src\app\Shared\MaterialComponent\ng-select-custom\ng-select-custom.component.js.map
C:\Users\LinhLPV\Source\Workspaces\ESHOP\EShop\FrontEnd\dist\out-tsc\src\app\Module\MCustomer\Customer.SearchEntity.js
C:\Users\LinhLPV\Source\Workspaces\ESHOP\EShop\FrontEnd\dist\out-tsc\src\app\Module\MCustomer\Customer.SearchEntity.js.map
C:\Users\LinhLPV\Source\Workspaces\ESHOP\EShop\FrontEnd\dist\out-tsc\src\app\Component\Customer\Customer.component.js
C:\Users\LinhLPV\Source\Workspaces\ESHOP\EShop\FrontEnd\dist\out-tsc\src\app\Component\Customer\Customer.component.js.map
C:\Users\LinhLPV\Source\Workspaces\ESHOP\EShop\FrontEnd\dist\out-tsc\src\app\Module\MStockTransfer\StockTransfer.Entity.js
C:\Users\LinhLPV\Source\Workspaces\ESHOP\EShop\FrontEnd\dist\out-tsc\src\app\Module\MStockTransfer\StockTransfer.Entity.js.map
C:\Users\LinhLPV\Source\Workspaces\ESHOP\EShop\FrontEnd\dist\out-tsc\src\app\Module\MStockTransfer\StockTransfer.Service.js
C:\Users\LinhLPV\Source\Workspaces\ESHOP\EShop\FrontEnd\dist\out-tsc\src\app\Module\MStockTransfer\StockTransfer.Service.js.map
C:\Users\LinhLPV\Source\Workspaces\ESHOP\EShop\FrontEnd\dist\out-tsc\src\app\Shared\file-browser\file-browser.entity.js
C:\Users\LinhLPV\Source\Workspaces\ESHOP\EShop\FrontEnd\dist\out-tsc\src\app\Shared\file-browser\file-browser.entity.js.map
C:\Users\LinhLPV\Source\Workspaces\ESHOP\EShop\FrontEnd\dist\out-tsc\src\app\Shared\file-browser\file-browser.directive.js
C:\Users\LinhLPV\Source\Workspaces\ESHOP\EShop\FrontEnd\dist\out-tsc\src\app\Shared\file-browser\file-browser.directive.js.map
C:\Users\LinhLPV\Source\Workspaces\ESHOP\EShop\FrontEnd\dist\out-tsc\src\app\Shared\file-browser\file-browser.service.js
C:\Users\LinhLPV\Source\Workspaces\ESHOP\EShop\FrontEnd\dist\out-tsc\src\app\Shared\file-browser\file-browser.service.js.map
C:\Users\LinhLPV\Source\Workspaces\ESHOP\EShop\FrontEnd\dist\out-tsc\src\app\Shared\file-browser\directory\directory.entity.js
C:\Users\LinhLPV\Source\Workspaces\ESHOP\EShop\FrontEnd\dist\out-tsc\src\app\Shared\file-browser\directory\directory.entity.js.map
C:\Users\LinhLPV\Source\Workspaces\ESHOP\EShop\FrontEnd\dist\out-tsc\src\app\Shared\file-browser\directory\directory.service.js
C:\Users\LinhLPV\Source\Workspaces\ESHOP\EShop\FrontEnd\dist\out-tsc\src\app\Shared\file-browser\directory\directory.service.js.map
C:\Users\LinhLPV\Source\Workspaces\ESHOP\EShop\FrontEnd\dist\out-tsc\src\app\Shared\file-browser\file\File.Entity.js
C:\Users\LinhLPV\Source\Workspaces\ESHOP\EShop\FrontEnd\dist\out-tsc\src\app\Shared\file-browser\file\File.Entity.js.map
C:\Users\LinhLPV\Source\Workspaces\ESHOP\EShop\FrontEnd\dist\out-tsc\src\app\Shared\file-browser\file\File.Service.js
C:\Users\LinhLPV\Source\Workspaces\ESHOP\EShop\FrontEnd\dist\out-tsc\src\app\Shared\file-browser\file\File.Service.js.map
C:\Users\LinhLPV\Source\Workspaces\ESHOP\EShop\FrontEnd\dist\out-tsc\src\app\Shared\file-browser\file-browser.component.js
C:\Users\LinhLPV\Source\Workspaces\ESHOP\EShop\FrontEnd\dist\out-tsc\src\app\Shared\file-browser\file-browser.component.js.map
C:\Users\LinhLPV\Source\Workspaces\ESHOP\EShop\FrontEnd\dist\out-tsc\src\app\Module\MOrderLine\OrderLine.Entity.js
C:\Users\LinhLPV\Source\Workspaces\ESHOP\EShop\FrontEnd\dist\out-tsc\src\app\Module\MOrderLine\OrderLine.Entity.js.map
C:\Users\LinhLPV\Source\Workspaces\ESHOP\EShop\FrontEnd\dist\out-tsc\src\app\Module\MOrderLine\OrderLine.SearchEntity.js
C:\Users\LinhLPV\Source\Workspaces\ESHOP\EShop\FrontEnd\dist\out-tsc\src\app\Module\MOrderLine\OrderLine.SearchEntity.js.map
C:\Users\LinhLPV\Source\Workspaces\ESHOP\EShop\FrontEnd\dist\out-tsc\src\app\Module\MOrderLine\OrderLine.Service.js
C:\Users\LinhLPV\Source\Workspaces\ESHOP\EShop\FrontEnd\dist\out-tsc\src\app\Module\MOrderLine\OrderLine.Service.js.map
C:\Users\LinhLPV\Source\Workspaces\ESHOP\EShop\FrontEnd\dist\out-tsc\src\app\Component\Order\Detail\OrderLine.component.js
C:\Users\LinhLPV\Source\Workspaces\ESHOP\EShop\FrontEnd\dist\out-tsc\src\app\Component\Order\Detail\OrderLine.component.js.map
C:\Users\LinhLPV\Source\Workspaces\ESHOP\EShop\FrontEnd\dist\out-tsc\src\app\Component\ReceiptNote\Detail\ReceiptNoteLine.component.js
C:\Users\LinhLPV\Source\Workspaces\ESHOP\EShop\FrontEnd\dist\out-tsc\src\app\Component\ReceiptNote\Detail\ReceiptNoteLine.component.js.map
C:\Users\LinhLPV\Source\Workspaces\ESHOP\EShop\FrontEnd\dist\out-tsc\src\app\Shared\MaterialComponent\ng-select-user\ng-select-user.component.js
C:\Users\LinhLPV\Source\Workspaces\ESHOP\EShop\FrontEnd\dist\out-tsc\src\app\Shared\MaterialComponent\ng-select-user\ng-select-user.component.js.map
C:\Users\LinhLPV\Source\Workspaces\ESHOP\EShop\FrontEnd\dist\out-tsc\src\app\Module\MStockTransferLine\StockTransferLine.Entity.js
C:\Users\LinhLPV\Source\Workspaces\ESHOP\EShop\FrontEnd\dist\out-tsc\src\app\Module\MStockTransferLine\StockTransferLine.Entity.js.map
C:\Users\LinhLPV\Source\Workspaces\ESHOP\EShop\FrontEnd\dist\out-tsc\src\app\Module\MStockTransferLine\StockTransferLine.Service.js
C:\Users\LinhLPV\Source\Workspaces\ESHOP\EShop\FrontEnd\dist\out-tsc\src\app\Module\MStockTransferLine\StockTransferLine.Service.js.map
C:\Users\LinhLPV\Source\Workspaces\ESHOP\EShop\FrontEnd\dist\out-tsc\src\app\Module\MStockTransferLine\StockTransferLine.SearchEntity.js
C:\Users\LinhLPV\Source\Workspaces\ESHOP\EShop\FrontEnd\dist\out-tsc\src\app\Module\MStockTransferLine\StockTransferLine.SearchEntity.js.map
C:\Users\LinhLPV\Source\Workspaces\ESHOP\EShop\FrontEnd\dist\out-tsc\src\app\Component\StockTransfer\Detail\StockTransferLine.component.js
C:\Users\LinhLPV\Source\Workspaces\ESHOP\EShop\FrontEnd\dist\out-tsc\src\app\Component\StockTransfer\Detail\StockTransferLine.component.js.map
C:\Users\LinhLPV\Source\Workspaces\ESHOP\EShop\FrontEnd\dist\out-tsc\src\app\Component\StockTransfer\Detail\StockTransferDetail.component.js
C:\Users\LinhLPV\Source\Workspaces\ESHOP\EShop\FrontEnd\dist\out-tsc\src\app\Component\StockTransfer\Detail\StockTransferDetail.component.js.map
C:\Users\LinhLPV\Source\Workspaces\ESHOP\EShop\FrontEnd\dist\out-tsc\src\app\app.module.js
C:\Users\LinhLPV\Source\Workspaces\ESHOP\EShop\FrontEnd\dist\out-tsc\src\app\app.module.js.map
C:\Users\LinhLPV\Source\Workspaces\ESHOP\EShop\FrontEnd\dist\out-tsc\src\environments\environment.js
C:\Users\LinhLPV\Source\Workspaces\ESHOP\EShop\FrontEnd\dist\out-tsc\src\environments\environment.js.map
C:\Users\LinhLPV\Source\Workspaces\ESHOP\EShop\FrontEnd\dist\out-tsc\src\main.js
C:\Users\LinhLPV\Source\Workspaces\ESHOP\EShop\FrontEnd\dist\out-tsc\src\main.js.map
C:\Users\LinhLPV\Source\Workspaces\ESHOP\EShop\FrontEnd\dist\out-tsc\src\polyfills.js
C:\Users\LinhLPV\Source\Workspaces\ESHOP\EShop\FrontEnd\dist\out-tsc\src\polyfills.js.map
C:\Users\LinhLPV\Source\Workspaces\ESHOP\EShop\FrontEnd\dist\out-tsc\src\test.js
C:\Users\LinhLPV\Source\Workspaces\ESHOP\EShop\FrontEnd\dist\out-tsc\src\test.js.map
C:\Users\LinhLPV\Source\Workspaces\ESHOP\EShop\FrontEnd\dist\out-tsc\src\app\app.component.spec.js
C:\Users\LinhLPV\Source\Workspaces\ESHOP\EShop\FrontEnd\dist\out-tsc\src\app\app.component.spec.js.map
C:\Users\LinhLPV\Source\Workspaces\ESHOP\EShop\FrontEnd\dist\out-tsc\src\environments\environment.prod.js
C:\Users\LinhLPV\Source\Workspaces\ESHOP\EShop\FrontEnd\dist\out-tsc\src\environments\environment.prod.js.map
C:\Users\LinhLPV\Source\Workspaces\ESHOP\EShop\FrontEnd\dist\out-tsc\src\app\Shared\OnlyNumberDirectivce.js
C:\Users\LinhLPV\Source\Workspaces\ESHOP\EShop\FrontEnd\dist\out-tsc\src\app\Shared\OnlyNumberDirectivce.js.map
C:\Users\LinhLPV\Source\Workspaces\ESHOP\EShop\FrontEnd\dist\out-tsc\src\app\Component\Discount\Discount.component.js
C:\Users\LinhLPV\Source\Workspaces\ESHOP\EShop\FrontEnd\dist\out-tsc\src\app\Component\Discount\Discount.component.js.map
C:\Users\LinhLPV\Source\Workspaces\ESHOP\EShop\FrontEnd\dist\out-tsc\src\app\Component\Pack\Pack.component.js
C:\Users\LinhLPV\Source\Workspaces\ESHOP\EShop\FrontEnd\dist\out-tsc\src\app\Component\Pack\Pack.component.js.map
C:\Users\LinhLPV\Source\Workspaces\ESHOP\EShop\FrontEnd\dist\out-tsc\src\app\Component\Tax\Tax.component.js
C:\Users\LinhLPV\Source\Workspaces\ESHOP\EShop\FrontEnd\dist\out-tsc\src\app\Component\Tax\Tax.component.js.map
C:\Users\LinhLPV\Source\Workspaces\ESHOP\EShop\FrontEnd\dist\out-tsc\src\app\Module\MInventoryTurnover\InventoryTurnover.Entity.js
C:\Users\LinhLPV\Source\Workspaces\ESHOP\EShop\FrontEnd\dist\out-tsc\src\app\Module\MInventoryTurnover\InventoryTurnover.Entity.js.map
C:\Users\LinhLPV\Source\Workspaces\ESHOP\EShop\FrontEnd\dist\out-tsc\src\app\Module\MInventoryTurnover\InventoryTurnover.SearchEntity.js
C:\Users\LinhLPV\Source\Workspaces\ESHOP\EShop\FrontEnd\dist\out-tsc\src\app\Module\MInventoryTurnover\InventoryTurnover.SearchEntity.js.map
C:\Users\LinhLPV\Source\Workspaces\ESHOP\EShop\FrontEnd\dist\out-tsc\src\app\Module\MInventoryTurnover\InventoryTurnover.Service.js
C:\Users\LinhLPV\Source\Workspaces\ESHOP\EShop\FrontEnd\dist\out-tsc\src\app\Module\MInventoryTurnover\InventoryTurnover.Service.js.map
C:\Users\LinhLPV\Source\Workspaces\ESHOP\EShop\FrontEnd\dist\out-tsc\src\app\Module\MInvoice\Invoice.Entity.js
C:\Users\LinhLPV\Source\Workspaces\ESHOP\EShop\FrontEnd\dist\out-tsc\src\app\Module\MInvoice\Invoice.Entity.js.map
C:\Users\LinhLPV\Source\Workspaces\ESHOP\EShop\FrontEnd\dist\out-tsc\src\app\Module\MInvoice\Invoice.SearchEntity.js
C:\Users\LinhLPV\Source\Workspaces\ESHOP\EShop\FrontEnd\dist\out-tsc\src\app\Module\MInvoice\Invoice.SearchEntity.js.map
C:\Users\LinhLPV\Source\Workspaces\ESHOP\EShop\FrontEnd\dist\out-tsc\src\app\Module\MInvoice\Invoice.Service.js
C:\Users\LinhLPV\Source\Workspaces\ESHOP\EShop\FrontEnd\dist\out-tsc\src\app\Module\MInvoice\Invoice.Service.js.map
C:\Users\LinhLPV\Source\Workspaces\ESHOP\EShop\FrontEnd\dist\out-tsc\src\app\Module\MPriceList\PriceList.SearchEntity.js
C:\Users\LinhLPV\Source\Workspaces\ESHOP\EShop\FrontEnd\dist\out-tsc\src\app\Module\MPriceList\PriceList.SearchEntity.js.map
C:\Users\LinhLPV\Source\Workspaces\ESHOP\EShop\FrontEnd\dist\out-tsc\src\app\Module\MPriceList\PriceList.Service.js
C:\Users\LinhLPV\Source\Workspaces\ESHOP\EShop\FrontEnd\dist\out-tsc\src\app\Module\MPriceList\PriceList.Service.js.map
C:\Users\LinhLPV\Source\Workspaces\ESHOP\EShop\FrontEnd\dist\out-tsc\src\app\Module\MReceiptNote\ReceiptNote.SearchEntity.js
C:\Users\LinhLPV\Source\Workspaces\ESHOP\EShop\FrontEnd\dist\out-tsc\src\app\Module\MReceiptNote\ReceiptNote.SearchEntity.js.map
C:\Users\LinhLPV\Source\Workspaces\ESHOP\EShop\FrontEnd\dist\out-tsc\src\app\Module\MRole\Role.SearchEntity.js
C:\Users\LinhLPV\Source\Workspaces\ESHOP\EShop\FrontEnd\dist\out-tsc\src\app\Module\MRole\Role.SearchEntity.js.map
C:\Users\LinhLPV\Source\Workspaces\ESHOP\EShop\FrontEnd\dist\out-tsc\src\app\Module\MStockTransfer\StockTransfer.SearchEntity.js
C:\Users\LinhLPV\Source\Workspaces\ESHOP\EShop\FrontEnd\dist\out-tsc\src\app\Module\MStockTransfer\StockTransfer.SearchEntity.js.map
C:\Users\LinhLPV\Source\Workspaces\ESHOP\EShop\FrontEnd\dist\out-tsc\src\app\Shared\file-browser\file-browser.searchEntity.js
C:\Users\LinhLPV\Source\Workspaces\ESHOP\EShop\FrontEnd\dist\out-tsc\src\app\Shared\file-browser\file-browser.searchEntity.js.map
C:\Users\LinhLPV\Source\Workspaces\ESHOP\EShop\FrontEnd\dist\out-tsc\src\app\Shared\MaterialComponent\paging\paging.component.spec.js
C:\Users\LinhLPV\Source\Workspaces\ESHOP\EShop\FrontEnd\dist\out-tsc\src\app\Shared\MaterialComponent\paging\paging.component.spec.js.map
C:\Users\LinhLPV\Source\Workspaces\ESHOP\EShop\FrontEnd\dist\out-tsc\src\app\Shared\MaterialComponent\paging\paging.service.js
C:\Users\LinhLPV\Source\Workspaces\ESHOP\EShop\FrontEnd\dist\out-tsc\src\app\Shared\MaterialComponent\paging\paging.service.js.map
C:\Users\LinhLPV\Source\Workspaces\ESHOP\EShop\FrontEnd\dist\out-tsc\src\app\Shared\MaterialComponent\paging\paging.service.spec.js
C:\Users\LinhLPV\Source\Workspaces\ESHOP\EShop\FrontEnd\dist\out-tsc\src\app\Shared\MaterialComponent\paging\paging.service.spec.js.map
